
> flashdeed-frontend@0.1.0 dev
> next dev

   ▲ Next.js 16.0.3 (Turbopack)
   - Local:         http://localhost:3000
   - Network:       http://192.168.0.169:3000
   - Environments: .env.local

 ✓ Starting...
 ✓ Ready in 2.8s
 ○ Compiling /admin/create-property ...
TypeError: Cannot read properties of undefined (reading 'on')
    at Generator.next (<anonymous>)
[MetaMaskSDK: constructor()] error during initialization TypeError: Cannot read properties of undefined (reading 'on')
    at Generator.next (<anonymous>)
Lit is in dev mode. Not recommended for production! See https://lit.dev/msg/dev-mode for more information.
TypeError: Cannot read properties of undefined (reading 'on')
    at Generator.next (<anonymous>)
 ⨯ unhandledRejection: TypeError: Cannot read properties of undefined (reading 'on')
    at Generator.next (<anonymous>)
 ⨯ unhandledRejection:  TypeError: Cannot read properties of undefined (reading 'on')
    at Generator.next (<anonymous>)
 GET /admin/create-property 200 in 34.9s (compile: 29.0s, render: 6.0s)
[Reown Config] Failed to fetch remote project configuration. Using local/default values. Error: HTTP status code: 403
    at ignore-listed frames {
  [cause]: Response {
    status: 403,
    statusText: 'Forbidden',
    headers: Headers {
      date: 'Tue, 18 Nov 2025 15:42:23 GMT',
      'content-type': 'text/plain; charset=UTF-8',
      'content-length': '9',
      connection: 'keep-alive',
      'cf-ray': '9a0893d47eb9916c-LHR',
      'access-control-allow-origin': '*',
      'cache-control': 'public, max-age=300, s-maxage=300',
      vary: 'Accept-Encoding',
      server: 'cloudflare',
      'alt-svc': 'h3=":443"; ma=86400'
    },
    body: undefined,
    bodyUsed: false,
    ok: false,
    redirected: false,
    type: 'default',
    url: 'https://api.web3modal.org/appkit/v1/config?projectId=test_project_id&st=appkit&sv=html-core-1.7.8'
  }
}
 GET /admin/create-property 200 in 1947ms (compile: 1760ms, render: 187ms)
 ✓ Compiled in 264ms
 ✓ Compiled in 212ms
 ✓ Compiled in 171ms
 ✓ Compiled in 3.4s
 ✓ Compiled in 1440ms
 ✓ Compiled in 268ms
 ✓ Compiled in 374ms
 ✓ Compiled in 987ms
 ⚠ Found a change in next.config.ts. Restarting the server to apply the changes...
 ⚠ Invalid next.config.ts options detected: 
 ⚠     Unrecognized key(s) in object: 'turbo' at "experimental"
 ⚠ See more info here: https://nextjs.org/docs/messages/invalid-next-config
   ▲ Next.js 16.0.3 (Turbopack)
   - Local:         http://localhost:3000
   - Network:       http://192.168.0.169:3000
   - Environments: .env.local
   - Experiments (use with caution):
     ? turbo (invalid experimental key)

 ✓ Starting...
 ✓ Ready in 3.7s
 ○ Compiling /admin/create-property ...
TypeError: Cannot read properties of undefined (reading 'on')
    at Generator.next (<anonymous>)
[MetaMaskSDK: constructor()] error during initialization TypeError: Cannot read properties of undefined (reading 'on')
    at Generator.next (<anonymous>)
Lit is in dev mode. Not recommended for production! See https://lit.dev/msg/dev-mode for more information.
TypeError: Cannot read properties of undefined (reading 'on')
    at Generator.next (<anonymous>)
 ⨯ unhandledRejection: TypeError: Cannot read properties of undefined (reading 'on')
    at Generator.next (<anonymous>)
 ⨯ unhandledRejection:  TypeError: Cannot read properties of undefined (reading 'on')
    at Generator.next (<anonymous>)
 GET /admin/create-property 200 in 45s (compile: 34.8s, render: 10.0s)
[Reown Config] Failed to fetch remote project configuration. Using local/default values. Error: HTTP status code: 403
    at ignore-listed frames {
  [cause]: Response {
    status: 403,
    statusText: 'Forbidden',
    headers: Headers {
      date: 'Wed, 19 Nov 2025 06:43:34 GMT',
      'content-type': 'text/plain; charset=UTF-8',
      'content-length': '9',
      connection: 'keep-alive',
      'cf-ray': '9a0dbbed3fcd6535-LHR',
      'access-control-allow-origin': '*',
      'cache-control': 'public, max-age=300, s-maxage=300',
      vary: 'Accept-Encoding',
      server: 'cloudflare',
      'alt-svc': 'h3=":443"; ma=86400'
    },
    body: undefined,
    bodyUsed: false,
    ok: false,
    redirected: false,
    type: 'default',
    url: 'https://api.web3modal.org/appkit/v1/config?projectId=test_project_id&st=appkit&sv=html-core-1.7.8'
  }
}
TypeError: Cannot read properties of undefined (reading 'on')
    at Generator.next (<anonymous>)
[MetaMaskSDK: constructor()] error during initialization TypeError: Cannot read properties of undefined (reading 'on')
    at Generator.next (<anonymous>)
TypeError: Cannot read properties of undefined (reading 'on')
    at Generator.next (<anonymous>)
 ⨯ unhandledRejection: TypeError: Cannot read properties of undefined (reading 'on')
    at Generator.next (<anonymous>)
 ⨯ unhandledRejection:  TypeError: Cannot read properties of undefined (reading 'on')
    at Generator.next (<anonymous>)
 GET /admin/create-property 200 in 7.4s (compile: 1219ms, render: 6.2s)
 GET /admin/create-property 200 in 6.2s (compile: 691ms, render: 5.5s)
 GET /admin/create-property 200 in 983ms (compile: 745ms, render: 238ms)
 ○ Compiling /dashboard ...
 GET /dashboard 200 in 5.7s (compile: 4.7s, render: 949ms)
 GET /properties 200 in 4.0s (compile: 3.9s, render: 95ms)
 GET /admin/create-property 200 in 700ms (compile: 633ms, render: 67ms)
 GET /admin/create-property 200 in 869ms (compile: 786ms, render: 83ms)
 GET /properties 200 in 696ms (compile: 638ms, render: 58ms)
 GET /dashboard 200 in 709ms (compile: 646ms, render: 64ms)
 GET /admin/create-property 200 in 532ms (compile: 479ms, render: 53ms)
 GET /properties 200 in 440ms (compile: 403ms, render: 37ms)
 GET /dashboard 200 in 555ms (compile: 511ms, render: 43ms)
