

                             _   _
                            (_) | |
      __ _   _ __   __   __  _  | |
     / _` | | '_ \  \ \ / / | | | |
    | (_| | | | | |  \ V /  | | | |
     \__,_| |_| |_|   \_/   |_| |_|

    1.4.4-stable (05794498bf 2025-11-03T23:44:21.031788094Z)
    https://github.com/foundry-rs/foundry

Available Accounts
==================

(0) 0xf39Fd6e51aad88F6F4ce6aB8827279cffFb92266 (10000.000000000000000000 ETH)
(1) 0x70997970C51812dc3A010C7d01b50e0d17dc79C8 (10000.000000000000000000 ETH)
(2) 0x3C44CdDdB6a900fa2b585dd299e03d12FA4293BC (10000.000000000000000000 ETH)
(3) 0x90F79bf6EB2c4f870365E785982E1f101E93b906 (10000.000000000000000000 ETH)
(4) 0x15d34AAf54267DB7D7c367839AAf71A00a2C6A65 (10000.000000000000000000 ETH)
(5) 0x9965507D1a55bcC2695C58ba16FB37d819B0A4dc (10000.000000000000000000 ETH)
(6) 0x976EA74026E726554dB657fA54763abd0C3a0aa9 (10000.000000000000000000 ETH)
(7) 0x14dC79964da2C08b23698B3D3cc7Ca32193d9955 (10000.000000000000000000 ETH)
(8) 0x23618e81E3f5cdF7f54C3d65f7FBc0aBf5B21E8f (10000.000000000000000000 ETH)
(9) 0xa0Ee7A142d267C1f36714E4a8F75612F20a79720 (10000.000000000000000000 ETH)

Private Keys
==================

(0) 0xac0974bec39a17e36ba4a6b4d238ff944bacb478cbed5efcae784d7bf4f2ff80
(1) 0x59c6995e998f97a5a0044966f0945389dc9e86dae88c7a8412f4603b6b78690d
(2) 0x5de4111afa1a4b94908f83103eb1f1706367c2e68ca870fc3fb9a804cdab365a
(3) 0x7c852118294e51e653712a81e05800f419141751be58f605c371e15141b007a6
(4) 0x47e179ec197488593b187f80a00eb0da91f1b9d0b13f8733639f19c30a34926a
(5) 0x8b3a350cf5c34c9194ca85829a2df0ec3153be0318b5e2d3348e872092edffba
(6) 0x92db14e403b83dfe3df233f83dfa3a0d7096f21ca9b0d6d6b8d88b2b4ec1564e
(7) 0x4bbbf85ce3377467afe5d46f804f221813b2bb87f24d81f60f1fcdbf7cbf4356
(8) 0xdbda1821b80551c9d65939329250298aa3472ba22feea921c0cf5d620ea67b97
(9) 0x2a871d0798f97d79848a013d4936a73bf4cc922c825d33c1cf7073dff6d409c6

Wallet
==================
Mnemonic:          test test test test test test test test test test test junk
Derivation path:   m/44'/60'/0'/0/


Chain ID
==================

31337

Base Fee
==================

1000000000

Gas Limit
==================

30000000

Genesis Timestamp
==================

1763479022

Genesis Number
==================

0

Listening on 0.0.0.0:8545
eth_getTransactionCount
eth_getCode
eth_blockNumber
eth_gasPrice
eth_getBlockByNumber
eth_chainId
eth_blockNumber
eth_gasPrice
eth_chainId
eth_getBlockByNumber
eth_getBalance
eth_getCode
eth_getTransactionCount
eth_getAccountInfo
eth_getAccount
eth_getCode
eth_getCode
eth_getTransactionCount
eth_getBalance
eth_getBalance
eth_getTransactionCount
eth_getCode
eth_getCode
eth_getTransactionCount
eth_getBalance
eth_getCode
eth_getBalance
eth_getTransactionCount
eth_getCode
eth_getBalance
eth_getTransactionCount
eth_getBalance
eth_getCode
eth_getTransactionCount
eth_getCode
eth_getBalance
eth_getTransactionCount
eth_getBalance
eth_getCode
eth_getTransactionCount
eth_chainId
eth_chainId
eth_blockNumber
eth_gasPrice
eth_chainId
eth_getBlockByNumber
eth_chainId
eth_feeHistory
eth_feeHistory
eth_sendRawTransaction
eth_sendRawTransaction
eth_sendRawTransaction
eth_sendRawTransaction
eth_sendRawTransaction
eth_sendRawTransaction

    Transaction: 0xc0891f55a7dacb4c218d6baa722610d8dfe19c1f555c2b0b3129ef9693fe6343
    Contract created: 0x5FbDB2315678afecb367f032d93F642f64180aa3
    Gas used: 608735

    Block Number: 1
    Block Hash: 0x2f3877db0784917e470ff9aecafc21f5c13f7883984745754bb30773321c42c8
    Block Time: "Tue, 18 Nov 2025 15:18:20 +0000"


    Transaction: 0x09f942f608e9aa50c151d1f3e19ce04355a645e3f9f2ae728af85b1426d69d36
    Contract created: 0xe7f1725E7734CE288F8367e1Bb143E90bb3F0512
    Gas used: 758216

    Transaction: 0x65e60042d0a7d9c5e97d9b6699d48e22ab40a04ee2571d1ca049243f06095096
    Contract created: 0x9fE46736679d2D9a65F0992F2272dE9f3c7fa6e0
    Gas used: 2546784

    Transaction: 0xe2752f6e5b8379507911ef8a42711062e8762de5e0005fd6cb2dd8101840b9b6
    Contract created: 0xCf7Ed3AccA5a467e9e704C703E8D87F634fB0Fc9
    Gas used: 4779941

    Transaction: 0x378b8eda232bbaa045ac0543c5a153d1ed5ac10671b04b0d85254ba992eb3ae1
    Gas used: 4827991

    Transaction: 0x906b3defea36676dc9290bf3c8c22bcc9daa9903e5a89120bbd3d68df96a28c6
    Gas used: 4876053

    Block Number: 2
    Block Hash: 0x98a9caa0ca6aee9ae5e49f48ec6886552e7e9d4a55612027f95cb80c1859fb63
    Block Time: "Tue, 18 Nov 2025 15:18:20 +0000"

eth_getTransactionReceipt
eth_getTransactionReceipt
eth_getTransactionReceipt
eth_getTransactionReceipt
eth_getTransactionReceipt
eth_getTransactionReceipt
eth_getTransactionReceipt
eth_getTransactionReceipt
eth_getTransactionReceipt
eth_getTransactionReceipt
eth_getTransactionReceipt
eth_getTransactionReceipt
eth_blockNumber
eth_newFilter
eth_newFilter
eth_newFilter
eth_newFilter
eth_newFilter
eth_newFilter
eth_call
eth_uninstallFilter
eth_uninstallFilter
eth_newFilter
eth_newFilter
eth_newFilter
eth_newFilter
eth_uninstallFilter
eth_uninstallFilter
eth_newFilter
eth_newFilter
eth_newFilter
eth_newFilter
eth_getFilterChanges
eth_getFilterChanges
eth_getFilterChanges
eth_getFilterChanges
eth_getFilterChanges
eth_getFilterChanges
eth_getFilterChanges
eth_getFilterChanges
eth_newFilter
eth_newFilter
eth_getFilterChanges
eth_getFilterChanges
eth_getFilterChanges
eth_getFilterChanges
eth_getFilterChanges
eth_getFilterChanges
eth_getFilterChanges
eth_getFilterChanges
eth_getFilterChanges
eth_getFilterChanges
eth_getFilterChanges
eth_getFilterChanges
eth_getFilterChanges
eth_getFilterChanges
eth_getFilterChanges
eth_getFilterChanges
eth_getFilterChanges
eth_getFilterChanges
eth_getFilterChanges
eth_getFilterChanges
eth_getFilterChanges
eth_getFilterChanges
eth_getFilterChanges
eth_uninstallFilter
eth_uninstallFilter
eth_uninstallFilter
eth_newFilter
eth_newFilter
eth_newFilter
eth_newFilter
eth_newFilter
eth_call
eth_getFilterChanges
eth_getFilterChanges
eth_getFilterChanges
eth_getFilterChanges
eth_getFilterChanges
eth_getFilterChanges
eth_getFilterChanges
eth_getFilterChanges
eth_getFilterChanges
eth_getFilterChanges
eth_getFilterChanges
eth_getFilterChanges
eth_getFilterChanges
eth_getFilterChanges
eth_getFilterChanges
eth_getFilterChanges
eth_getFilterChanges
eth_getFilterChanges
eth_getFilterChanges
eth_getFilterChanges
eth_getFilterChanges
eth_blockNumber
eth_getCode
eth_getCode
eth_getBlockByNumber
eth_estimateGas

RPC request failed:
    Request: EthEstimateGas(WithOtherFields { inner: TransactionRequest { from: Some(0xeed514dcbb5a1c4f01e96e2f3ad6c749ec2ba03b), to: Some(Call(0x9fe46736679d2d9a65f0992f2272de9f3c7fa6e0)), gas_price: None, max_fee_per_gas: None, max_priority_fee_per_gas: None, max_fee_per_blob_gas: None, gas: None, value: Some(0), input: TransactionInput { input: None, data: Some(0x24e9b512000000000000000000000000000000000000000000000000000000000000006000000000000000000000000000000000000000000000000000000000000000a000000000000000000000000000000000000000000000021e19e0c9bab2400000000000000000000000000000000000000000000000000000000000000000000548656c6c6f000000000000000000000000000000000000000000000000000000000000000000000000000000000000000000000000000000000000000000000448454c4f00000000000000000000000000000000000000000000000000000000) }, nonce: None, chain_id: None, access_list: None, transaction_type: Some(2), blob_versioned_hashes: None, sidecar: None, authorization_list: None }, other: OtherFields {} }, None, None, None)
    Error: Execution error: execution reverted: Recipient lacks valid identity

eth_call
eth_gasPrice
eth_getBalance
eth_getFilterChanges
eth_getFilterChanges
eth_getFilterChanges
eth_getFilterChanges
eth_getFilterChanges
eth_getFilterChanges
eth_getFilterChanges
eth_getFilterChanges
eth_getFilterChanges
eth_getFilterChanges
eth_getFilterChanges
eth_getFilterChanges
eth_getFilterChanges
eth_getFilterChanges
eth_getFilterChanges
eth_blockNumber
eth_call

RPC request failed:
    Request: EthCall(WithOtherFields { inner: TransactionRequest { from: None, to: Some(Call(0x9fe46736679d2d9a65f0992f2272de9f3c7fa6e0)), gas_price: None, max_fee_per_gas: None, max_priority_fee_per_gas: None, max_fee_per_blob_gas: None, gas: None, value: None, input: TransactionInput { input: None, data: Some(0x01ffc9a780ac58cd00000000000000000000000000000000000000000000000000000000) }, nonce: None, chain_id: None, access_list: None, transaction_type: None, blob_versioned_hashes: None, sidecar: None, authorization_list: None }, other: OtherFields {} }, Some(0x2), None, None)
    Error: Execution error: execution reverted

eth_call

RPC request failed:
    Request: EthCall(WithOtherFields { inner: TransactionRequest { from: None, to: Some(Call(0x9fe46736679d2d9a65f0992f2272de9f3c7fa6e0)), gas_price: None, max_fee_per_gas: None, max_priority_fee_per_gas: None, max_fee_per_blob_gas: None, gas: None, value: None, input: TransactionInput { input: None, data: Some(0x01ffc9a7d9b67a2600000000000000000000000000000000000000000000000000000000) }, nonce: None, chain_id: None, access_list: None, transaction_type: None, blob_versioned_hashes: None, sidecar: None, authorization_list: None }, other: OtherFields {} }, Some(0x2), None, None)
    Error: Execution error: execution reverted

eth_call

RPC request failed:
    Request: EthCall(WithOtherFields { inner: TransactionRequest { from: None, to: Some(Call(0x9fe46736679d2d9a65f0992f2272de9f3c7fa6e0)), gas_price: None, max_fee_per_gas: None, max_priority_fee_per_gas: None, max_fee_per_blob_gas: None, gas: None, value: None, input: TransactionInput { input: None, data: Some(0x95d89b41) }, nonce: None, chain_id: None, access_list: None, transaction_type: None, blob_versioned_hashes: None, sidecar: None, authorization_list: None }, other: OtherFields {} }, Some(0x2), None, None)
    Error: Execution error: execution reverted

eth_call

RPC request failed:
    Request: EthCall(WithOtherFields { inner: TransactionRequest { from: None, to: Some(Call(0x9fe46736679d2d9a65f0992f2272de9f3c7fa6e0)), gas_price: None, max_fee_per_gas: None, max_priority_fee_per_gas: None, max_fee_per_blob_gas: None, gas: None, value: None, input: TransactionInput { input: None, data: Some(0x313ce567) }, nonce: None, chain_id: None, access_list: None, transaction_type: None, blob_versioned_hashes: None, sidecar: None, authorization_list: None }, other: OtherFields {} }, Some(0x2), None, None)
    Error: Execution error: execution reverted

eth_call

RPC request failed:
    Request: EthCall(WithOtherFields { inner: TransactionRequest { from: None, to: Some(Call(0x9fe46736679d2d9a65f0992f2272de9f3c7fa6e0)), gas_price: None, max_fee_per_gas: None, max_priority_fee_per_gas: None, max_fee_per_blob_gas: None, gas: None, value: None, input: TransactionInput { input: None, data: Some(0x70a08231000000000000000000000000eed514dcbb5a1c4f01e96e2f3ad6c749ec2ba03b) }, nonce: None, chain_id: None, access_list: None, transaction_type: None, blob_versioned_hashes: None, sidecar: None, authorization_list: None }, other: OtherFields {} }, Some(0x2), None, None)
    Error: Execution error: execution reverted

eth_getFilterChanges
eth_getFilterChanges
eth_getFilterChanges
eth_getFilterChanges
eth_getFilterChanges
eth_getFilterChanges
eth_call
eth_getFilterChanges
eth_getFilterChanges
eth_getFilterChanges
eth_getFilterChanges
eth_getFilterChanges
eth_getFilterChanges
eth_getFilterChanges
eth_getFilterChanges
eth_getFilterChanges
eth_blockNumber
eth_getFilterChanges
eth_getFilterChanges
eth_getFilterChanges
eth_getFilterChanges
eth_getFilterChanges
eth_getFilterChanges
eth_getFilterChanges
eth_getFilterChanges
eth_getFilterChanges
eth_getFilterChanges
eth_getFilterChanges
eth_getFilterChanges
eth_getFilterChanges
eth_getFilterChanges
eth_getFilterChanges
eth_call
eth_blockNumber
eth_getFilterChanges
eth_getFilterChanges
eth_getFilterChanges
eth_getFilterChanges
eth_getFilterChanges
eth_getFilterChanges
eth_getFilterChanges
eth_getFilterChanges
eth_getFilterChanges
eth_getFilterChanges
eth_getFilterChanges
eth_getFilterChanges
eth_getFilterChanges
eth_getFilterChanges
eth_getFilterChanges
eth_blockNumber
eth_getFilterChanges
eth_getFilterChanges
eth_getFilterChanges
eth_getFilterChanges
eth_getFilterChanges
eth_getFilterChanges
eth_call
eth_getFilterChanges
eth_getFilterChanges
eth_getFilterChanges
eth_getFilterChanges
eth_getFilterChanges
eth_getFilterChanges
eth_getFilterChanges
eth_getFilterChanges
eth_getFilterChanges
eth_blockNumber
eth_getFilterChanges
eth_getFilterChanges
eth_getFilterChanges
eth_getFilterChanges
eth_getFilterChanges
eth_getFilterChanges
eth_getFilterChanges
eth_getFilterChanges
eth_getFilterChanges
eth_getFilterChanges
eth_getFilterChanges
eth_getFilterChanges
eth_getFilterChanges
eth_getFilterChanges
eth_getFilterChanges
eth_uninstallFilter
eth_newFilter
eth_newFilter
eth_call
eth_uninstallFilter
eth_newFilter
eth_call
eth_uninstallFilter
eth_newFilter
eth_newFilter
eth_getFilterChanges
eth_getFilterChanges
eth_uninstallFilter
eth_newFilter
eth_newFilter
eth_call
eth_call
eth_getFilterChanges
eth_getFilterChanges
eth_getFilterChanges
eth_uninstallFilter
eth_getFilterChanges
eth_getFilterChanges
eth_getFilterChanges
eth_getFilterChanges
eth_getFilterChanges
eth_getFilterChanges
eth_getFilterChanges
eth_getFilterChanges
eth_getFilterChanges
eth_getFilterChanges
eth_getFilterChanges
eth_getFilterChanges
eth_call
eth_getFilterChanges
eth_getFilterChanges
eth_getFilterChanges
eth_getFilterChanges
eth_getFilterChanges
eth_getFilterChanges
eth_getFilterChanges
eth_getFilterChanges
eth_getFilterChanges
eth_getFilterChanges
eth_uninstallFilter
eth_newFilter
eth_newFilter
eth_uninstallFilter
eth_newFilter
eth_newFilter
eth_getFilterChanges
eth_getFilterChanges
eth_getFilterChanges
eth_getFilterChanges
eth_getFilterChanges
eth_getFilterChanges
eth_getFilterChanges
eth_getFilterChanges
eth_newFilter
eth_newFilter
eth_getFilterChanges
eth_getFilterChanges
eth_getFilterChanges
eth_getFilterChanges
eth_getFilterChanges
eth_getFilterChanges
eth_newFilter
eth_newFilter
eth_newFilter
eth_newFilter
eth_newFilter
eth_newFilter
eth_newFilter
eth_newFilter
eth_call
eth_uninstallFilter
eth_uninstallFilter
eth_newFilter
eth_newFilter
eth_newFilter
eth_newFilter
eth_uninstallFilter
eth_uninstallFilter
eth_uninstallFilter
eth_newFilter
eth_newFilter
eth_newFilter
eth_newFilter
eth_newFilter
eth_getFilterChanges
eth_getFilterChanges
eth_getFilterChanges
eth_getFilterChanges
eth_getFilterChanges
eth_getFilterChanges
eth_uninstallFilter
eth_uninstallFilter
eth_uninstallFilter
eth_blockNumber
eth_getBalance
eth_getBalance
eth_getBalance
eth_newFilter
eth_newFilter
eth_newFilter
eth_call
eth_uninstallFilter
eth_uninstallFilter
eth_newFilter
eth_newFilter
eth_newFilter
eth_newFilter
eth_blockNumber
eth_blockNumber
eth_getFilterChanges
eth_getFilterChanges
eth_getFilterChanges
eth_uninstallFilter
eth_newFilter
eth_newFilter
eth_newFilter
eth_uninstallFilter
eth_call
eth_newFilter
eth_getFilterChanges
eth_getFilterChanges
eth_getFilterChanges
eth_getFilterChanges
eth_blockNumber
eth_getFilterChanges
eth_getFilterChanges
eth_getFilterChanges
eth_getFilterChanges
eth_getFilterChanges
eth_getFilterChanges
eth_blockNumber
eth_getFilterChanges
eth_getFilterChanges
eth_getFilterChanges
eth_getFilterChanges
eth_getFilterChanges
eth_getFilterChanges
eth_getFilterChanges
eth_getFilterChanges
eth_getFilterChanges
eth_getFilterChanges
eth_getFilterChanges
eth_call
eth_getFilterChanges
eth_getFilterChanges
eth_getFilterChanges
eth_getFilterChanges
eth_getFilterChanges
eth_getFilterChanges
eth_getFilterChanges
eth_getFilterChanges
eth_getFilterChanges
eth_getFilterChanges
eth_getFilterChanges
eth_getFilterChanges
eth_getFilterChanges
eth_getFilterChanges
eth_getFilterChanges
eth_getFilterChanges
eth_getFilterChanges
eth_getFilterChanges
eth_getFilterChanges
eth_getFilterChanges
eth_getFilterChanges
eth_getFilterChanges
eth_call
eth_getFilterChanges
eth_getFilterChanges
eth_getFilterChanges
eth_getFilterChanges
eth_getFilterChanges
eth_getFilterChanges
eth_getFilterChanges
eth_getFilterChanges
eth_getFilterChanges
eth_getFilterChanges
eth_getFilterChanges
eth_getFilterChanges
eth_getFilterChanges
eth_getFilterChanges
eth_getFilterChanges
eth_getFilterChanges
eth_getFilterChanges
eth_getFilterChanges
eth_getFilterChanges
eth_getFilterChanges
eth_getFilterChanges
eth_getFilterChanges
eth_getFilterChanges
eth_call
eth_getFilterChanges
eth_getFilterChanges
eth_getFilterChanges
eth_getFilterChanges
eth_getFilterChanges
eth_getFilterChanges
eth_getFilterChanges
eth_blockNumber
eth_blockNumber
eth_blockNumber
eth_getFilterChanges
eth_getFilterChanges
eth_getFilterChanges
eth_getFilterChanges
eth_getFilterChanges
eth_getFilterChanges
eth_getFilterChanges
eth_getFilterChanges
eth_getFilterChanges
eth_getFilterChanges
eth_getFilterChanges
eth_getFilterChanges
eth_getFilterChanges
eth_getFilterChanges
eth_getFilterChanges
eth_blockNumber
eth_call
eth_blockNumber
eth_getFilterChanges
eth_getFilterChanges
eth_getFilterChanges
eth_getFilterChanges
eth_getFilterChanges
eth_getFilterChanges
eth_getFilterChanges
eth_getFilterChanges
eth_getFilterChanges
eth_blockNumber
eth_getBalance
eth_getFilterChanges
eth_getFilterChanges
eth_getFilterChanges
eth_getFilterChanges
eth_getFilterChanges
eth_blockNumber
eth_getFilterChanges
eth_getFilterChanges
eth_getFilterChanges
eth_getFilterChanges
eth_getFilterChanges
eth_getFilterChanges
eth_getFilterChanges
eth_getFilterChanges
eth_getFilterChanges
eth_call
eth_getFilterChanges
eth_getFilterChanges
eth_getFilterChanges
eth_blockNumber
eth_blockNumber
eth_blockNumber
eth_getFilterChanges
eth_getFilterChanges
eth_getFilterChanges
eth_getFilterChanges
eth_getFilterChanges
eth_getFilterChanges
eth_getFilterChanges
eth_getFilterChanges
eth_getFilterChanges
eth_blockNumber
eth_blockNumber
eth_blockNumber
eth_getFilterChanges
eth_getFilterChanges
eth_getFilterChanges
eth_getFilterChanges
eth_getFilterChanges
eth_getFilterChanges
eth_getFilterChanges
eth_getFilterChanges
eth_getFilterChanges
eth_getFilterChanges
eth_getFilterChanges
eth_getFilterChanges
eth_blockNumber
eth_getFilterChanges
eth_getFilterChanges
eth_getFilterChanges
eth_chainId
eth_getFilterChanges
eth_getFilterChanges
eth_getFilterChanges
eth_blockNumber
eth_chainId
eth_getFilterChanges
eth_getFilterChanges
eth_getFilterChanges
eth_getFilterChanges
eth_getFilterChanges
eth_getFilterChanges
eth_blockNumber
eth_chainId
eth_getFilterChanges
eth_getFilterChanges
eth_getFilterChanges
eth_getFilterChanges
eth_getFilterChanges
eth_getFilterChanges
eth_getFilterChanges
eth_getFilterChanges
eth_getFilterChanges
eth_getFilterChanges
eth_getFilterChanges
eth_getFilterChanges
eth_blockNumber
eth_blockNumber
eth_chainId
eth_getFilterChanges
eth_getFilterChanges
eth_getFilterChanges
eth_getFilterChanges
eth_getFilterChanges
eth_getFilterChanges
eth_getFilterChanges
eth_getFilterChanges
eth_getFilterChanges
eth_getFilterChanges
eth_getFilterChanges
eth_getFilterChanges
eth_blockNumber
eth_getFilterChanges
eth_getFilterChanges
eth_getFilterChanges
eth_getFilterChanges
eth_getFilterChanges
eth_getFilterChanges
eth_blockNumber
eth_getFilterChanges
eth_getFilterChanges
eth_getFilterChanges
eth_getFilterChanges
eth_getFilterChanges
eth_getFilterChanges
eth_blockNumber
eth_getFilterChanges
eth_getFilterChanges
eth_getFilterChanges
eth_getFilterChanges
eth_getFilterChanges
eth_getFilterChanges
eth_getFilterChanges
eth_getFilterChanges
eth_getFilterChanges
eth_getFilterChanges
eth_getFilterChanges
eth_getFilterChanges
eth_blockNumber
eth_getFilterChanges
eth_getFilterChanges
eth_getFilterChanges
eth_getFilterChanges
eth_getFilterChanges
eth_getFilterChanges
eth_getFilterChanges
eth_getFilterChanges
eth_getFilterChanges
eth_getFilterChanges
eth_getFilterChanges
eth_getFilterChanges
eth_blockNumber
eth_getFilterChanges
eth_getFilterChanges
eth_getFilterChanges
eth_getFilterChanges
eth_getFilterChanges
eth_getFilterChanges
eth_blockNumber
eth_getFilterChanges
eth_getFilterChanges
eth_getFilterChanges
eth_getFilterChanges
eth_getFilterChanges
eth_getFilterChanges
eth_blockNumber
eth_getFilterChanges
eth_getFilterChanges
eth_getFilterChanges
eth_getFilterChanges
eth_getFilterChanges
eth_getFilterChanges
eth_getFilterChanges
eth_getFilterChanges
eth_getFilterChanges
eth_getFilterChanges
eth_getFilterChanges
eth_getFilterChanges
eth_blockNumber
eth_blockNumber
eth_getFilterChanges
eth_getFilterChanges
eth_getFilterChanges
eth_getFilterChanges
eth_getFilterChanges
eth_getFilterChanges
eth_getFilterChanges
eth_getFilterChanges
eth_getFilterChanges
eth_getFilterChanges
eth_getFilterChanges
eth_getFilterChanges
eth_blockNumber
eth_getFilterChanges
eth_getFilterChanges
eth_getFilterChanges
eth_getFilterChanges
eth_getFilterChanges
eth_getFilterChanges
eth_blockNumber
eth_getFilterChanges
eth_getFilterChanges
eth_getFilterChanges
eth_getFilterChanges
eth_getFilterChanges
eth_getFilterChanges
eth_blockNumber
eth_getFilterChanges
eth_getFilterChanges
eth_getFilterChanges
eth_getFilterChanges
eth_getFilterChanges
eth_getFilterChanges
eth_getFilterChanges
